<?xml version="1.0" encoding="UTF-8"?>
<testsuite name="ch.heigvd.res.labs.roulette.net.client.RouletteV1WasadigiTest" time="0" tests="8" errors="8" skipped="0" failures="0">
  <properties>
[...]
</properties>
  <testcase name="theServerShouldSendAnErrorResponseWhenRandomIsCalledAndThereIsNoStudent" classname="ch.heigvd.res.labs.roulette.net.client.RouletteV1WasadigiTest" time="0">
    <error message="Not supported yet." type="java.lang.UnsupportedOperationException">java.lang.UnsupportedOperationException: Not supported yet.
	at ch.heigvd.res.labs.roulette.net.client.RouletteV1ClientImpl.connect(RouletteV1ClientImpl.java:30)
	at ch.heigvd.res.labs.roulette.net.client.EphemeralClientServerPair.before(EphemeralClientServerPair.java:33)
	at org.junit.rules.ExternalResource$1.evaluate(ExternalResource.java:46)
	at org.junit.rules.RunRules.evaluate(RunRules.java:20)
	at org.junit.runners.ParentRunner.runLeaf(ParentRunner.java:325)
	at org.junit.runners.BlockJUnit4ClassRunner.runChild(BlockJUnit4ClassRunner.java:78)
	at org.junit.runners.BlockJUnit4ClassRunner.runChild(BlockJUnit4ClassRunner.java:57)
	at org.junit.runners.ParentRunner$3.run(ParentRunner.java:290)
	at org.junit.runners.ParentRunner$1.schedule(ParentRunner.java:71)
	at org.junit.runners.ParentRunner.runChildren(ParentRunner.java:288)
	at org.junit.runners.ParentRunner.access$000(ParentRunner.java:58)
	at org.junit.runners.ParentRunner$2.evaluate(ParentRunner.java:268)
	at org.junit.runners.ParentRunner.run(ParentRunner.java:363)
	at org.apache.maven.surefire.junit4.JUnit4Provider.execute(JUnit4Provider.java:283)
	at org.apache.maven.surefire.junit4.JUnit4Provider.executeWithRerun(JUnit4Provider.java:173)
	at org.apache.maven.surefire.junit4.JUnit4Provider.executeTestSet(JUnit4Provider.java:153)
	at org.apache.maven.surefire.junit4.JUnit4Provider.invoke(JUnit4Provider.java:128)
	at org.apache.maven.surefire.booter.ForkedBooter.invokeProviderInSameClassLoader(ForkedBooter.java:203)
	at org.apache.maven.surefire.booter.ForkedBooter.runSuitesInProcess(ForkedBooter.java:155)
	at org.apache.maven.surefire.booter.ForkedBooter.main(ForkedBooter.java:103)
</error>
    <system-err><![CDATA[mars 26, 2018 7:27:31 PM ch.heigvd.schoolpulse.TestResultListener testStarted
INFOS: The test method named theServerShouldSendAnErrorResponseWhenRandomIsCalledAndThereIsNoStudent has been written by wasadigi
mars 26, 2018 7:27:31 PM ch.heigvd.res.labs.roulette.net.server.RouletteServer$1 run
INFOS: Listening for client connection on 0.0.0.0/0.0.0.0:58668
]]></system-err>
  </testcase>
  <testcase name="theTestRouletteClientShouldBeConnectedWhenATestStarts" classname="ch.heigvd.res.labs.roulette.net.client.RouletteV1WasadigiTest" time="0">
    <error message="Not supported yet." type="java.lang.UnsupportedOperationException">java.lang.UnsupportedOperationException: Not supported yet.
	at ch.heigvd.res.labs.roulette.net.client.RouletteV1ClientImpl.connect(RouletteV1ClientImpl.java:30)
	at ch.heigvd.res.labs.roulette.net.client.EphemeralClientServerPair.before(EphemeralClientServerPair.java:33)
	at org.junit.rules.ExternalResource$1.evaluate(ExternalResource.java:46)
	at org.junit.rules.RunRules.evaluate(RunRules.java:20)
	at org.junit.runners.ParentRunner.runLeaf(ParentRunner.java:325)
	at org.junit.runners.BlockJUnit4ClassRunner.runChild(BlockJUnit4ClassRunner.java:78)
	at org.junit.runners.BlockJUnit4ClassRunner.runChild(BlockJUnit4ClassRunner.java:57)
	at org.junit.runners.ParentRunner$3.run(ParentRunner.java:290)
	at org.junit.runners.ParentRunner$1.schedule(ParentRunner.java:71)
	at org.junit.runners.ParentRunner.runChildren(ParentRunner.java:288)
	at org.junit.runners.ParentRunner.access$000(ParentRunner.java:58)
	at org.junit.runners.ParentRunner$2.evaluate(ParentRunner.java:268)
	at org.junit.runners.ParentRunner.run(ParentRunner.java:363)
	at org.apache.maven.surefire.junit4.JUnit4Provider.execute(JUnit4Provider.java:283)
	at org.apache.maven.surefire.junit4.JUnit4Provider.executeWithRerun(JUnit4Provider.java:173)
	at org.apache.maven.surefire.junit4.JUnit4Provider.executeTestSet(JUnit4Provider.java:153)
	at org.apache.maven.surefire.junit4.JUnit4Provider.invoke(JUnit4Provider.java:128)
	at org.apache.maven.surefire.booter.ForkedBooter.invokeProviderInSameClassLoader(ForkedBooter.java:203)
	at org.apache.maven.surefire.booter.ForkedBooter.runSuitesInProcess(ForkedBooter.java:155)
	at org.apache.maven.surefire.booter.ForkedBooter.main(ForkedBooter.java:103)
</error>
    <system-err><![CDATA[mars 26, 2018 7:27:31 PM ch.heigvd.schoolpulse.TestResultListener testStarted
INFOS: The test method named theTestRouletteClientShouldBeConnectedWhenATestStarts has been written by wasadigi
]]></system-err>
  </testcase>
  <testcase name="theTestRouletteServerShouldRunDuringTests" classname="ch.heigvd.res.labs.roulette.net.client.RouletteV1WasadigiTest" time="0">
    <error message="Not supported yet." type="java.lang.UnsupportedOperationException">java.lang.UnsupportedOperationException: Not supported yet.
	at ch.heigvd.res.labs.roulette.net.client.RouletteV1ClientImpl.connect(RouletteV1ClientImpl.java:30)
	at ch.heigvd.res.labs.roulette.net.client.EphemeralClientServerPair.before(EphemeralClientServerPair.java:33)
	at org.junit.rules.ExternalResource$1.evaluate(ExternalResource.java:46)
	at org.junit.rules.RunRules.evaluate(RunRules.java:20)
	at org.junit.runners.ParentRunner.runLeaf(ParentRunner.java:325)
	at org.junit.runners.BlockJUnit4ClassRunner.runChild(BlockJUnit4ClassRunner.java:78)
	at org.junit.runners.BlockJUnit4ClassRunner.runChild(BlockJUnit4ClassRunner.java:57)
	at org.junit.runners.ParentRunner$3.run(ParentRunner.java:290)
	at org.junit.runners.ParentRunner$1.schedule(ParentRunner.java:71)
	at org.junit.runners.ParentRunner.runChildren(ParentRunner.java:288)
	at org.junit.runners.ParentRunner.access$000(ParentRunner.java:58)
	at org.junit.runners.ParentRunner$2.evaluate(ParentRunner.java:268)
	at org.junit.runners.ParentRunner.run(ParentRunner.java:363)
	at org.apache.maven.surefire.junit4.JUnit4Provider.execute(JUnit4Provider.java:283)
	at org.apache.maven.surefire.junit4.JUnit4Provider.executeWithRerun(JUnit4Provider.java:173)
	at org.apache.maven.surefire.junit4.JUnit4Provider.executeTestSet(JUnit4Provider.java:153)
	at org.apache.maven.surefire.junit4.JUnit4Provider.invoke(JUnit4Provider.java:128)
	at org.apache.maven.surefire.booter.ForkedBooter.invokeProviderInSameClassLoader(ForkedBooter.java:203)
	at org.apache.maven.surefire.booter.ForkedBooter.runSuitesInProcess(ForkedBooter.java:155)
	at org.apache.maven.surefire.booter.ForkedBooter.main(ForkedBooter.java:103)
</error>
    <system-err><![CDATA[mars 26, 2018 7:27:31 PM ch.heigvd.res.labs.roulette.net.server.RouletteServer$1 run
INFOS: Listening for client connection on 0.0.0.0/0.0.0.0:58669
mars 26, 2018 7:27:31 PM ch.heigvd.schoolpulse.TestResultListener testStarted
INFOS: The test method named theTestRouletteServerShouldRunDuringTests has been written by wasadigi
]]></system-err>
  </testcase>
  <testcase name="itShouldBePossibleForARouletteClientToConnectToARouletteServer" classname="ch.heigvd.res.labs.roulette.net.client.RouletteV1WasadigiTest" time="0">
    <error message="Not supported yet." type="java.lang.UnsupportedOperationException">java.lang.UnsupportedOperationException: Not supported yet.
	at ch.heigvd.res.labs.roulette.net.client.RouletteV1ClientImpl.connect(RouletteV1ClientImpl.java:30)
	at ch.heigvd.res.labs.roulette.net.client.EphemeralClientServerPair.before(EphemeralClientServerPair.java:33)
	at org.junit.rules.ExternalResource$1.evaluate(ExternalResource.java:46)
	at org.junit.rules.RunRules.evaluate(RunRules.java:20)
	at org.junit.runners.ParentRunner.runLeaf(ParentRunner.java:325)
	at org.junit.runners.BlockJUnit4ClassRunner.runChild(BlockJUnit4ClassRunner.java:78)
	at org.junit.runners.BlockJUnit4ClassRunner.runChild(BlockJUnit4ClassRunner.java:57)
	at org.junit.runners.ParentRunner$3.run(ParentRunner.java:290)
	at org.junit.runners.ParentRunner$1.schedule(ParentRunner.java:71)
	at org.junit.runners.ParentRunner.runChildren(ParentRunner.java:288)
	at org.junit.runners.ParentRunner.access$000(ParentRunner.java:58)
	at org.junit.runners.ParentRunner$2.evaluate(ParentRunner.java:268)
	at org.junit.runners.ParentRunner.run(ParentRunner.java:363)
	at org.apache.maven.surefire.junit4.JUnit4Provider.execute(JUnit4Provider.java:283)
	at org.apache.maven.surefire.junit4.JUnit4Provider.executeWithRerun(JUnit4Provider.java:173)
	at org.apache.maven.surefire.junit4.JUnit4Provider.executeTestSet(JUnit4Provider.java:153)
	at org.apache.maven.surefire.junit4.JUnit4Provider.invoke(JUnit4Provider.java:128)
	at org.apache.maven.surefire.booter.ForkedBooter.invokeProviderInSameClassLoader(ForkedBooter.java:203)
	at org.apache.maven.surefire.booter.ForkedBooter.runSuitesInProcess(ForkedBooter.java:155)
	at org.apache.maven.surefire.booter.ForkedBooter.main(ForkedBooter.java:103)
</error>
    <system-err><![CDATA[mars 26, 2018 7:27:31 PM ch.heigvd.res.labs.roulette.net.server.RouletteServer$1 run
INFOS: Listening for client connection on 0.0.0.0/0.0.0.0:58670
mars 26, 2018 7:27:31 PM ch.heigvd.schoolpulse.TestResultListener testStarted
INFOS: The test method named itShouldBePossibleForARouletteClientToConnectToARouletteServer has been written by wasadigi
]]></system-err>
  </testcase>
  <testcase name="theServerShouldStillHaveZeroStudentsAtStart" classname="ch.heigvd.res.labs.roulette.net.client.RouletteV1WasadigiTest" time="0">
    <error message="Not supported yet." type="java.lang.UnsupportedOperationException">java.lang.UnsupportedOperationException: Not supported yet.
	at ch.heigvd.res.labs.roulette.net.client.RouletteV1ClientImpl.connect(RouletteV1ClientImpl.java:30)
	at ch.heigvd.res.labs.roulette.net.client.EphemeralClientServerPair.before(EphemeralClientServerPair.java:33)
	at org.junit.rules.ExternalResource$1.evaluate(ExternalResource.java:46)
	at org.junit.rules.RunRules.evaluate(RunRules.java:20)
	at org.junit.runners.ParentRunner.runLeaf(ParentRunner.java:325)
	at org.junit.runners.BlockJUnit4ClassRunner.runChild(BlockJUnit4ClassRunner.java:78)
	at org.junit.runners.BlockJUnit4ClassRunner.runChild(BlockJUnit4ClassRunner.java:57)
	at org.junit.runners.ParentRunner$3.run(ParentRunner.java:290)
	at org.junit.runners.ParentRunner$1.schedule(ParentRunner.java:71)
	at org.junit.runners.ParentRunner.runChildren(ParentRunner.java:288)
	at org.junit.runners.ParentRunner.access$000(ParentRunner.java:58)
	at org.junit.runners.ParentRunner$2.evaluate(ParentRunner.java:268)
	at org.junit.runners.ParentRunner.run(ParentRunner.java:363)
	at org.apache.maven.surefire.junit4.JUnit4Provider.execute(JUnit4Provider.java:283)
	at org.apache.maven.surefire.junit4.JUnit4Provider.executeWithRerun(JUnit4Provider.java:173)
	at org.apache.maven.surefire.junit4.JUnit4Provider.executeTestSet(JUnit4Provider.java:153)
	at org.apache.maven.surefire.junit4.JUnit4Provider.invoke(JUnit4Provider.java:128)
	at org.apache.maven.surefire.booter.ForkedBooter.invokeProviderInSameClassLoader(ForkedBooter.java:203)
	at org.apache.maven.surefire.booter.ForkedBooter.runSuitesInProcess(ForkedBooter.java:155)
	at org.apache.maven.surefire.booter.ForkedBooter.main(ForkedBooter.java:103)
</error>
    <system-err><![CDATA[mars 26, 2018 7:27:31 PM ch.heigvd.res.labs.roulette.net.server.RouletteServer$1 run
INFOS: Listening for client connection on 0.0.0.0/0.0.0.0:58671
mars 26, 2018 7:27:31 PM ch.heigvd.schoolpulse.TestResultListener testStarted
INFOS: The test method named theServerShouldStillHaveZeroStudentsAtStart has been written by wasadigi
mars 26, 2018 7:27:31 PM ch.heigvd.schoolpulse.TestResultListener testStarted
INFOS: The test method named theServerShouldStillHaveZeroStudentsAtStart has been written by SoftEng-HEIGVD
]]></system-err>
  </testcase>
  <testcase name="theServerShouldCountStudents" classname="ch.heigvd.res.labs.roulette.net.client.RouletteV1WasadigiTest" time="0">
    <error message="Not supported yet." type="java.lang.UnsupportedOperationException">java.lang.UnsupportedOperationException: Not supported yet.
	at ch.heigvd.res.labs.roulette.net.client.RouletteV1ClientImpl.connect(RouletteV1ClientImpl.java:30)
	at ch.heigvd.res.labs.roulette.net.client.EphemeralClientServerPair.before(EphemeralClientServerPair.java:33)
	at org.junit.rules.ExternalResource$1.evaluate(ExternalResource.java:46)
	at org.junit.rules.RunRules.evaluate(RunRules.java:20)
	at org.junit.runners.ParentRunner.runLeaf(ParentRunner.java:325)
	at org.junit.runners.BlockJUnit4ClassRunner.runChild(BlockJUnit4ClassRunner.java:78)
	at org.junit.runners.BlockJUnit4ClassRunner.runChild(BlockJUnit4ClassRunner.java:57)
	at org.junit.runners.ParentRunner$3.run(ParentRunner.java:290)
	at org.junit.runners.ParentRunner$1.schedule(ParentRunner.java:71)
	at org.junit.runners.ParentRunner.runChildren(ParentRunner.java:288)
	at org.junit.runners.ParentRunner.access$000(ParentRunner.java:58)
	at org.junit.runners.ParentRunner$2.evaluate(ParentRunner.java:268)
	at org.junit.runners.ParentRunner.run(ParentRunner.java:363)
	at org.apache.maven.surefire.junit4.JUnit4Provider.execute(JUnit4Provider.java:283)
	at org.apache.maven.surefire.junit4.JUnit4Provider.executeWithRerun(JUnit4Provider.java:173)
	at org.apache.maven.surefire.junit4.JUnit4Provider.executeTestSet(JUnit4Provider.java:153)
	at org.apache.maven.surefire.junit4.JUnit4Provider.invoke(JUnit4Provider.java:128)
	at org.apache.maven.surefire.booter.ForkedBooter.invokeProviderInSameClassLoader(ForkedBooter.java:203)
	at org.apache.maven.surefire.booter.ForkedBooter.runSuitesInProcess(ForkedBooter.java:155)
	at org.apache.maven.surefire.booter.ForkedBooter.main(ForkedBooter.java:103)
</error>
    <system-err><![CDATA[mars 26, 2018 7:27:31 PM ch.heigvd.res.labs.roulette.net.server.RouletteServer$1 run
INFOS: Listening for client connection on 0.0.0.0/0.0.0.0:58672
mars 26, 2018 7:27:31 PM ch.heigvd.schoolpulse.TestResultListener testStarted
INFOS: The test method named theServerShouldCountStudents has been written by SoftEng-HEIGVD
]]></system-err>
  </testcase>
  <testcase name="theServerShouldHaveZeroStudentsAtStart" classname="ch.heigvd.res.labs.roulette.net.client.RouletteV1WasadigiTest" time="0">
    <error message="Not supported yet." type="java.lang.UnsupportedOperationException">java.lang.UnsupportedOperationException: Not supported yet.
	at ch.heigvd.res.labs.roulette.net.client.RouletteV1ClientImpl.connect(RouletteV1ClientImpl.java:30)
	at ch.heigvd.res.labs.roulette.net.client.EphemeralClientServerPair.before(EphemeralClientServerPair.java:33)
	at org.junit.rules.ExternalResource$1.evaluate(ExternalResource.java:46)
	at org.junit.rules.RunRules.evaluate(RunRules.java:20)
	at org.junit.runners.ParentRunner.runLeaf(ParentRunner.java:325)
	at org.junit.runners.BlockJUnit4ClassRunner.runChild(BlockJUnit4ClassRunner.java:78)
	at org.junit.runners.BlockJUnit4ClassRunner.runChild(BlockJUnit4ClassRunner.java:57)
	at org.junit.runners.ParentRunner$3.run(ParentRunner.java:290)
	at org.junit.runners.ParentRunner$1.schedule(ParentRunner.java:71)
	at org.junit.runners.ParentRunner.runChildren(ParentRunner.java:288)
	at org.junit.runners.ParentRunner.access$000(ParentRunner.java:58)
	at org.junit.runners.ParentRunner$2.evaluate(ParentRunner.java:268)
	at org.junit.runners.ParentRunner.run(ParentRunner.java:363)
	at org.apache.maven.surefire.junit4.JUnit4Provider.execute(JUnit4Provider.java:283)
	at org.apache.maven.surefire.junit4.JUnit4Provider.executeWithRerun(JUnit4Provider.java:173)
	at org.apache.maven.surefire.junit4.JUnit4Provider.executeTestSet(JUnit4Provider.java:153)
	at org.apache.maven.surefire.junit4.JUnit4Provider.invoke(JUnit4Provider.java:128)
	at org.apache.maven.surefire.booter.ForkedBooter.invokeProviderInSameClassLoader(ForkedBooter.java:203)
	at org.apache.maven.surefire.booter.ForkedBooter.runSuitesInProcess(ForkedBooter.java:155)
	at org.apache.maven.surefire.booter.ForkedBooter.main(ForkedBooter.java:103)
</error>
    <system-err><![CDATA[mars 26, 2018 7:27:31 PM ch.heigvd.res.labs.roulette.net.server.RouletteServer$1 run
INFOS: Listening for client connection on 0.0.0.0/0.0.0.0:58673
mars 26, 2018 7:27:31 PM ch.heigvd.schoolpulse.TestResultListener testStarted
INFOS: The test method named theServerShouldHaveZeroStudentsAtStart has been written by wasadigi
]]></system-err>
  </testcase>
  <testcase name="theServerShouldReturnTheCorrectVersionNumber" classname="ch.heigvd.res.labs.roulette.net.client.RouletteV1WasadigiTest" time="0">
    <error message="Not supported yet." type="java.lang.UnsupportedOperationException">java.lang.UnsupportedOperationException: Not supported yet.
	at ch.heigvd.res.labs.roulette.net.client.RouletteV1ClientImpl.connect(RouletteV1ClientImpl.java:30)
	at ch.heigvd.res.labs.roulette.net.client.EphemeralClientServerPair.before(EphemeralClientServerPair.java:33)
	at org.junit.rules.ExternalResource$1.evaluate(ExternalResource.java:46)
	at org.junit.rules.RunRules.evaluate(RunRules.java:20)
	at org.junit.runners.ParentRunner.runLeaf(ParentRunner.java:325)
	at org.junit.runners.BlockJUnit4ClassRunner.runChild(BlockJUnit4ClassRunner.java:78)
	at org.junit.runners.BlockJUnit4ClassRunner.runChild(BlockJUnit4ClassRunner.java:57)
	at org.junit.runners.ParentRunner$3.run(ParentRunner.java:290)
	at org.junit.runners.ParentRunner$1.schedule(ParentRunner.java:71)
	at org.junit.runners.ParentRunner.runChildren(ParentRunner.java:288)
	at org.junit.runners.ParentRunner.access$000(ParentRunner.java:58)
	at org.junit.runners.ParentRunner$2.evaluate(ParentRunner.java:268)
	at org.junit.runners.ParentRunner.run(ParentRunner.java:363)
	at org.apache.maven.surefire.junit4.JUnit4Provider.execute(JUnit4Provider.java:283)
	at org.apache.maven.surefire.junit4.JUnit4Provider.executeWithRerun(JUnit4Provider.java:173)
	at org.apache.maven.surefire.junit4.JUnit4Provider.executeTestSet(JUnit4Provider.java:153)
	at org.apache.maven.surefire.junit4.JUnit4Provider.invoke(JUnit4Provider.java:128)
	at org.apache.maven.surefire.booter.ForkedBooter.invokeProviderInSameClassLoader(ForkedBooter.java:203)
	at org.apache.maven.surefire.booter.ForkedBooter.runSuitesInProcess(ForkedBooter.java:155)
	at org.apache.maven.surefire.booter.ForkedBooter.main(ForkedBooter.java:103)
</error>
    <system-err><![CDATA[mars 26, 2018 7:27:31 PM ch.heigvd.res.labs.roulette.net.server.RouletteServer$1 run
INFOS: Listening for client connection on 0.0.0.0/0.0.0.0:58674
mars 26, 2018 7:27:31 PM ch.heigvd.schoolpulse.TestResultListener testStarted
INFOS: The test method named theServerShouldReturnTheCorrectVersionNumber has been written by wasadigi
]]></system-err>
  </testcase>
</testsuite>